<?xml version="1.0" encoding="UTF-8"?>
<testsuite name="ru.stqa.pft.addressbook.tests.GroupCreationTests" tests="3" skipped="0" failures="0" errors="0" timestamp="2019-05-28T10:17:35" hostname="DESKTOP-CQ9CB9M" time="13.167">
  <properties/>
  <testcase name="testGroupCreation[0](GroupData{id='2147483647', name='TestGroup0'})" classname="ru.stqa.pft.addressbook.tests.GroupCreationTests" time="5.405"/>
  <testcase name="testGroupCreation[1](GroupData{id='2147483647', name='TestGroup1'})" classname="ru.stqa.pft.addressbook.tests.GroupCreationTests" time="3.841"/>
  <testcase name="testGroupCreation[2](GroupData{id='2147483647', name='TestGroup2'})" classname="ru.stqa.pft.addressbook.tests.GroupCreationTests" time="3.92"/>
  <system-out><![CDATA[]]></system-out>
  <system-err><![CDATA[]]></system-err>
</testsuite>
